# JRE version: OpenJDK Runtime Environment (8.0_152-b02) (build 1.8.0_152-release-1024-b02)
# Java VM: OpenJDK 64-Bit Server VM (25.152-b02 mixed mode windows-amd64 compressed oops)
Heap:
 PSYoungGen      total 470528K, used 240626K [0x00000000e0000000, 0x0000000100000000, 0x0000000100000000)
  eden space 431616K, 54% used [0x00000000e0000000,0x00000000ee41b808,0x00000000fa580000)
  from space 38912K, 18% used [0x00000000fa580000,0x00000000fac61200,0x00000000fcb80000)
  to   space 39424K, 0% used [0x00000000fd980000,0x00000000fd980000,0x0000000100000000)
 ParOldGen       total 284160K, used 53761K [0x00000000a0000000, 0x00000000b1580000, 0x00000000e0000000)
  object space 284160K, 18% used [0x00000000a0000000,0x00000000a34807a0,0x00000000b1580000)
 Metaspace       used 91536K, capacity 95560K, committed 98636K, reserved 1134592K
  class space    used 11387K, capacity 12142K, committed 13056K, reserved 1048576K
GC Heap History (10 events):
Event: 7691.690 GC heap before
{Heap before GC invocations=25 (full 3):
 PSYoungGen      total 340992K, used 326008K [0x00000000e0000000, 0x00000000f9b80000, 0x0000000100000000)
  eden space 300544K, 100% used [0x00000000e0000000,0x00000000f2580000,0x00000000f2580000)
  from space 40448K, 62% used [0x00000000f2580000,0x00000000f3e5e260,0x00000000f4d00000)
  to   space 40448K, 0% used [0x00000000f7400000,0x00000000f7400000,0x00000000f9b80000)
 ParOldGen       total 231936K, used 91075K [0x00000000a0000000, 0x00000000ae280000, 0x00000000e0000000)
  object space 231936K, 39% used [0x00000000a0000000,0x00000000a58f0ca0,0x00000000ae280000)
 Metaspace       used 92851K, capacity 98206K, committed 98380K, reserved 1134592K
  class space    used 11887K, capacity 12935K, committed 13056K, reserved 1048576K
Event: 7691.719 GC heap after
Heap after GC invocations=25 (full 3):
 PSYoungGen      total 381952K, used 23785K [0x00000000e0000000, 0x00000000fa980000, 0x0000000100000000)
  eden space 341504K, 0% used [0x00000000e0000000,0x00000000e0000000,0x00000000f4d80000)
  from space 40448K, 58% used [0x00000000f7400000,0x00000000f8b3a548,0x00000000f9b80000)
  to   space 39424K, 0% used [0x00000000f4d80000,0x00000000f4d80000,0x00000000f7400000)
 ParOldGen       total 231936K, used 91083K [0x00000000a0000000, 0x00000000ae280000, 0x00000000e0000000)
  object space 231936K, 39% used [0x00000000a0000000,0x00000000a58f2ca0,0x00000000ae280000)
 Metaspace       used 92851K, capacity 98206K, committed 98380K, reserved 1134592K
  class space    used 11887K, capacity 12935K, committed 13056K, reserved 1048576K
}
Event: 7691.864 GC heap before
{Heap before GC invocations=26 (full 3):
 PSYoungGen      total 381952K, used 87138K [0x00000000e0000000, 0x00000000fa980000, 0x0000000100000000)
  eden space 341504K, 18% used [0x00000000e0000000,0x00000000e3dde4d0,0x00000000f4d80000)
  from space 40448K, 58% used [0x00000000f7400000,0x00000000f8b3a548,0x00000000f9b80000)
  to   space 39424K, 0% used [0x00000000f4d80000,0x00000000f4d80000,0x00000000f7400000)
 ParOldGen       total 231936K, used 91083K [0x00000000a0000000, 0x00000000ae280000, 0x00000000e0000000)
  object space 231936K, 39% used [0x00000000a0000000,0x00000000a58f2ca0,0x00000000ae280000)
 Metaspace       used 92896K, capacity 98218K, committed 98380K, reserved 1134592K
  class space    used 11887K, capacity 12935K, committed 13056K, reserved 1048576K
Event: 7691.887 GC heap after
Heap after GC invocations=26 (full 3):
 PSYoungGen      total 380928K, used 18317K [0x00000000e0000000, 0x00000000ff100000, 0x0000000100000000)
  eden space 341504K, 0% used [0x00000000e0000000,0x00000000e0000000,0x00000000f4d80000)
  from space 39424K, 46% used [0x00000000f4d80000,0x00000000f5f63628,0x00000000f7400000)
  to   space 38400K, 0% used [0x00000000fcb80000,0x00000000fcb80000,0x00000000ff100000)
 ParOldGen       total 231936K, used 91091K [0x00000000a0000000, 0x00000000ae280000, 0x00000000e0000000)
  object space 231936K, 39% used [0x00000000a0000000,0x00000000a58f4ca0,0x00000000ae280000)
 Metaspace       used 92896K, capacity 98218K, committed 98380K, reserved 1134592K
  class space    used 11887K, capacity 12935K, committed 13056K, reserved 1048576K
}
Event: 7691.887 GC heap before
{Heap before GC invocations=27 (full 4):
 PSYoungGen      total 380928K, used 18317K [0x00000000e0000000, 0x00000000ff100000, 0x0000000100000000)
  eden space 341504K, 0% used [0x00000000e0000000,0x00000000e0000000,0x00000000f4d80000)
  from space 39424K, 46% used [0x00000000f4d80000,0x00000000f5f63628,0x00000000f7400000)
  to   space 38400K, 0% used [0x00000000fcb80000,0x00000000fcb80000,0x00000000ff100000)
 ParOldGen       total 231936K, used 91091K [0x00000000a0000000, 0x00000000ae280000, 0x00000000e0000000)
  object space 231936K, 39% used [0x00000000a0000000,0x00000000a58f4ca0,0x00000000ae280000)
 Metaspace       used 92896K, capacity 98218K, committed 98380K, reserved 1134592K
  class space    used 11887K, capacity 12935K, committed 13056K, reserved 1048576K
Event: 7692.134 GC heap after
Heap after GC invocations=27 (full 4):
 PSYoungGen      total 380928K, used 0K [0x00000000e0000000, 0x00000000ff100000, 0x0000000100000000)
  eden space 341504K, 0% used [0x00000000e0000000,0x00000000e0000000,0x00000000f4d80000)
  from space 39424K, 0% used [0x00000000f4d80000,0x00000000f4d80000,0x00000000f7400000)
  to   space 38400K, 0% used [0x00000000fcb80000,0x00000000fcb80000,0x00000000ff100000)
 ParOldGen       total 284160K, used 53745K [0x00000000a0000000, 0x00000000b1580000, 0x00000000e0000000)
  object space 284160K, 18% used [0x00000000a0000000,0x00000000a347c7a0,0x00000000b1580000)
 Metaspace       used 90856K, capacity 94742K, committed 98380K, reserved 1134592K
  class space    used 11378K, capacity 12135K, committed 13056K, reserved 1048576K
}
Event: 7693.061 GC heap before
{Heap before GC invocations=28 (full 4):
 PSYoungGen      total 380928K, used 341504K [0x00000000e0000000, 0x00000000ff100000, 0x0000000100000000)
  eden space 341504K, 100% used [0x00000000e0000000,0x00000000f4d80000,0x00000000f4d80000)
  from space 39424K, 0% used [0x00000000f4d80000,0x00000000f4d80000,0x00000000f7400000)
  to   space 38400K, 0% used [0x00000000fcb80000,0x00000000fcb80000,0x00000000ff100000)
 ParOldGen       total 284160K, used 53745K [0x00000000a0000000, 0x00000000b1580000, 0x00000000e0000000)
  object space 284160K, 18% used [0x00000000a0000000,0x00000000a347c7a0,0x00000000b1580000)
 Metaspace       used 91234K, capacity 95170K, committed 98380K, reserved 1134592K
  class space    used 11378K, capacity 12135K, committed 13056K, reserved 1048576K
Event: 7693.070 GC heap after
Heap after GC invocations=28 (full 4):
 PSYoungGen      total 470016K, used 6748K [0x00000000e0000000, 0x00000000ff380000, 0x0000000100000000)
  eden space 431616K, 0% used [0x00000000e0000000,0x00000000e0000000,0x00000000fa580000)
  from space 38400K, 17% used [0x00000000fcb80000,0x00000000fd217370,0x00000000ff100000)
  to   space 38912K, 0% used [0x00000000fa580000,0x00000000fa580000,0x00000000fcb80000)
 ParOldGen       total 284160K, used 53753K [0x00000000a0000000, 0x00000000b1580000, 0x00000000e0000000)
  object space 284160K, 18% used [0x00000000a0000000,0x00000000a347e7a0,0x00000000b1580000)
 Metaspace       used 91234K, capacity 95170K, committed 98380K, reserved 1134592K
  class space    used 11378K, capacity 12135K, committed 13056K, reserved 1048576K
}
Event: 7693.650 GC heap before
{Heap before GC invocations=29 (full 4):
 PSYoungGen      total 470016K, used 438364K [0x00000000e0000000, 0x00000000ff380000, 0x0000000100000000)
  eden space 431616K, 100% used [0x00000000e0000000,0x00000000fa580000,0x00000000fa580000)
  from space 38400K, 17% used [0x00000000fcb80000,0x00000000fd217370,0x00000000ff100000)
  to   space 38912K, 0% used [0x00000000fa580000,0x00000000fa580000,0x00000000fcb80000)
 ParOldGen       total 284160K, used 53753K [0x00000000a0000000, 0x00000000b1580000, 0x00000000e0000000)
  object space 284160K, 18% used [0x00000000a0000000,0x00000000a347e7a0,0x00000000b1580000)
 Metaspace       used 91391K, capacity 95400K, committed 98636K, reserved 1134592K
  class space    used 11379K, capacity 12136K, committed 13056K, reserved 1048576K
Event: 7693.659 GC heap after
Heap after GC invocations=29 (full 4):
 PSYoungGen      total 470528K, used 7044K [0x00000000e0000000, 0x0000000100000000, 0x0000000100000000)
  eden space 431616K, 0% used [0x00000000e0000000,0x00000000e0000000,0x00000000fa580000)
  from space 38912K, 18% used [0x00000000fa580000,0x00000000fac61200,0x00000000fcb80000)
  to   space 39424K, 0% used [0x00000000fd980000,0x00000000fd980000,0x0000000100000000)
 ParOldGen       total 284160K, used 53761K [0x00000000a0000000, 0x00000000b1580000, 0x00000000e0000000)
  object space 284160K, 18% used [0x00000000a0000000,0x00000000a34807a0,0x00000000b1580000)
 Metaspace       used 91391K, capacity 95400K, committed 98636K, reserved 1134592K
  class space    used 11379K, capacity 12136K, committed 13056K, reserved 1048576K
}

